<?xml version="1.0" encoding="UTF-8"?>
<!-- Generated by org.testng.reporters.JUnitXMLReporter -->
<testsuite ignored="0" hostname="DESKTOP-P1MQ7FS" failures="0" tests="6" name="Default test" time="11.378" errors="0" timestamp="2023-01-25T16:23:08 IST">
  <testcase classname="com.facebook.FacebookTestNG" name="getPage" time="0.009"/>
  <testcase classname="com.facebook.FacebookTestNG" name="login" time="0.817"/>
  <testcase classname="com.facebook.FacebookTestNG" name="screenshot1" time="4.084"/>
  <testcase classname="com.facebook.FacebookTestNG" name="createuser" time="3.227"/>
  <testcase classname="com.facebook.FacebookTestNG" name="screenshot2" time="0.184"/>
  <testcase classname="com.facebook.FacebookTestNG" name="getpage2" time="0.114"/>
</testsuite> <!-- Default test -->
